[debug] [2020-01-17T12:09:23.072Z] ----------------------------------------------------------------------
[debug] [2020-01-17T12:09:23.074Z] Command:       C:\Users\ritik\DOWNLO~1\firebase-tools-instant-win.exe C:\Users\ritik\.cache\firebase\tools\lib\node_modules\firebase-tools\lib\bin\firebase serve
[debug] [2020-01-17T12:09:23.075Z] CLI Version:   7.12.1
[debug] [2020-01-17T12:09:23.075Z] Platform:      win32
[debug] [2020-01-17T12:09:23.075Z] Node Version:  v12.13.1
[debug] [2020-01-17T12:09:23.076Z] Time:          Fri Jan 17 2020 17:39:23 GMT+0530 (India Standard Time)
[debug] [2020-01-17T12:09:23.076Z] ----------------------------------------------------------------------
[debug] [2020-01-17T12:09:23.076Z] 
[debug] [2020-01-17T12:09:23.083Z] > command requires scopes: ["email","openid","https://www.googleapis.com/auth/cloudplatformprojects.readonly","https://www.googleapis.com/auth/firebase","https://www.googleapis.com/auth/cloud-platform"]
[debug] [2020-01-17T12:09:23.083Z] > authorizing via signed-in user
[debug] [2020-01-17T12:09:23.083Z] [iam] checking project attendance-de0c5 for permissions ["firebase.projects.get"]
[debug] [2020-01-17T12:09:23.085Z] >>> HTTP REQUEST POST https://cloudresourcemanager.googleapis.com/v1/projects/attendance-de0c5:testIamPermissions  

[debug] [2020-01-17T12:09:24.918Z] <<< HTTP RESPONSE 200
[debug] [2020-01-17T12:09:24.925Z] >>> HTTP REQUEST GET https://firebase.googleapis.com/v1beta1/projects/attendance-de0c5  
 
[debug] [2020-01-17T12:09:25.315Z] <<< HTTP RESPONSE 200
[info] 
[info] === Serving from 'C:\Users\ritik\Downloads'...
[info] 
[debug] [2020-01-17T12:09:25.341Z] >>> HTTP REQUEST GET https://firebase.googleapis.com/v1beta1/projects/attendance-de0c5/webApps/-/config  
 
[debug] [2020-01-17T12:09:26.317Z] <<< HTTP RESPONSE 200
[info] +  hosting: Local server: http://localhost:5000
